[
  {
    "line": 2,
    "elements": [
      {
        "start_timestamp": "2024-04-22T06:15:16.745Z",
        "before": [
          {
            "result": {
              "duration": 2373271600,
              "status": "passed"
            },
            "match": {
              "location": "steps.LoginStepDefinition.setUp()"
            }
          }
        ],
        "line": 16,
        "name": "1- List Accounts link is clicked successfully",
        "description": "",
        "id": "dashboard-page-load-validation;1--list-accounts-link-is-clicked-successfully;;2",
        "after": [
          {
            "result": {
              "duration": 520335800,
              "status": "passed"
            },
            "match": {
              "location": "steps.LoginStepDefinition.tearDown()"
            }
          }
        ],
        "type": "scenario",
        "keyword": "Scenario Outline",
        "steps": [
          {
            "result": {
              "duration": 4962923600,
              "status": "passed"
            },
            "line": 7,
            "name": "User is on the Codefios login page",
            "match": {
              "location": "steps.LoginStepDefinition.UserIsOnTheCodefiosLoginPage()"
            },
            "keyword": "Given "
          },
          {
            "result": {
              "duration": 3180686100,
              "status": "passed"
            },
            "line": 8,
            "name": "User enters username as \"demo@codefios.com\"",
            "match": {
              "arguments": [
                {
                  "val": "\"demo@codefios.com\"",
                  "offset": 24
                }
              ],
              "location": "steps.LoginStepDefinition.UserEnterTheUserName(java.lang.String)"
            },
            "keyword": "When "
          },
          {
            "result": {
              "duration": 3129022600,
              "status": "passed"
            },
            "line": 9,
            "name": "User enters the password \"abc123\"",
            "match": {
              "arguments": [
                {
                  "val": "\"abc123\"",
                  "offset": 25
                }
              ],
              "location": "steps.LoginStepDefinition.user_enter_the_password(java.lang.String)"
            },
            "keyword": "When "
          },
          {
            "result": {
              "duration": 17138439800,
              "status": "passed"
            },
            "line": 10,
            "name": "User clicks on sign in button",
            "match": {
              "location": "steps.LoginStepDefinition.user_click_on_sign_in_button()"
            },
            "keyword": "And "
          },
          {
            "result": {
              "duration": 3060264200,
              "status": "passed"
            },
            "line": 11,
            "name": "User should be able to land dashBoard page",
            "match": {
              "location": "steps.DashboardStepDefinition.user_should_be_able_to_land_dashBoard_page()"
            },
            "keyword": "Then "
          }
        ],
        "tags": [
          {
            "name": "@dashboardFeature"
          },
          {
            "name": "@regression"
          },
          {
            "name": "@dashboardPageValidation"
          }
        ]
      }
    ],
    "name": "Dashboard page load validation",
    "description": "",
    "id": "dashboard-page-load-validation",
    "keyword": "Feature",
    "uri": "classpath:features/Dashboard.feature",
    "tags": [
      {
        "name": "@dashboardFeature",
        "type": "Tag",
        "location": {
          "line": 1,
          "column": 1
        }
      },
      {
        "name": "@regression",
        "type": "Tag",
        "location": {
          "line": 1,
          "column": 19
        }
      }
    ]
  },
  {
    "line": 2,
    "elements": [
      {
        "start_timestamp": "2024-04-22T06:15:51.260Z",
        "before": [
          {
            "result": {
              "duration": 1547526500,
              "status": "passed"
            },
            "match": {
              "location": "steps.LoginStepDefinition.setUp()"
            }
          }
        ],
        "line": 24,
        "name": "1 - User is able to create a new Account",
        "description": "",
        "id": "list-account-page-functionality-validation;1---user-is-able-to-create-a-new-account;;2",
        "after": [
          {
            "result": {
              "duration": 534690800,
              "status": "passed"
            },
            "match": {
              "location": "steps.LoginStepDefinition.tearDown()"
            }
          }
        ],
        "type": "scenario",
        "keyword": "Scenario Outline",
        "steps": [
          {
            "result": {
              "duration": 4795325700,
              "status": "passed"
            },
            "line": 6,
            "name": "User is on the Codefios login page",
            "match": {
              "location": "steps.LoginStepDefinition.UserIsOnTheCodefiosLoginPage()"
            },
            "keyword": "Given "
          },
          {
            "result": {
              "duration": 3185192100,
              "status": "passed"
            },
            "line": 7,
            "name": "User enters username as \"demo@codefios.com\"",
            "match": {
              "arguments": [
                {
                  "val": "\"demo@codefios.com\"",
                  "offset": 24
                }
              ],
              "location": "steps.LoginStepDefinition.UserEnterTheUserName(java.lang.String)"
            },
            "keyword": "When "
          },
          {
            "result": {
              "duration": 3137177300,
              "status": "passed"
            },
            "line": 8,
            "name": "User enters the password \"abc123\"",
            "match": {
              "arguments": [
                {
                  "val": "\"abc123\"",
                  "offset": 25
                }
              ],
              "location": "steps.LoginStepDefinition.user_enter_the_password(java.lang.String)"
            },
            "keyword": "When "
          },
          {
            "result": {
              "duration": 16421588700,
              "status": "passed"
            },
            "line": 9,
            "name": "User clicks on sign in button",
            "match": {
              "location": "steps.LoginStepDefinition.user_click_on_sign_in_button()"
            },
            "keyword": "And "
          },
          {
            "result": {
              "duration": 3061260700,
              "status": "passed"
            },
            "line": 10,
            "name": "User should be able to land dashBoard page",
            "match": {
              "location": "steps.DashboardStepDefinition.user_should_be_able_to_land_dashBoard_page()"
            },
            "keyword": "Then "
          },
          {
            "result": {
              "duration": 2628672400,
              "status": "passed"
            },
            "line": 11,
            "name": "User clicks on List Account",
            "match": {
              "location": "steps.DashboardStepDefinition.user_clicks_on_List_Customer()"
            },
            "keyword": "And "
          },
          {
            "result": {
              "duration": 49972100,
              "status": "passed"
            },
            "line": 12,
            "name": "User should be able to land New Account page",
            "match": {
              "location": "steps.ListAccountsDefinition.user_should_be_able_to_land_New_Account_page()"
            },
            "keyword": "Then "
          },
          {
            "result": {
              "duration": 98279900,
              "status": "passed"
            },
            "line": 13,
            "name": "User clicks on Add Account",
            "match": {
              "location": "steps.ListAccountsDefinition.user_clicks_on_Add_Account()"
            },
            "keyword": "And "
          },
          {
            "result": {
              "duration": 309187900,
              "status": "passed"
            },
            "line": 14,
            "name": "User enters \"Saving\" in the Account Name field",
            "match": {
              "arguments": [
                {
                  "val": "\"Saving\"",
                  "offset": 12
                }
              ],
              "location": "steps.ListAccountsDefinition.user_enters_in_the_Account_Name_field(java.lang.String)"
            },
            "keyword": "And "
          },
          {
            "result": {
              "duration": 257072800,
              "status": "passed"
            },
            "line": 15,
            "name": "User enters \"KM Description\" in the Description field",
            "match": {
              "arguments": [
                {
                  "val": "\"KM Description\"",
                  "offset": 12
                }
              ],
              "location": "steps.ListAccountsDefinition.user_enters_in_the_Description_field(java.lang.String)"
            },
            "keyword": "And "
          },
          {
            "result": {
              "duration": 117933800,
              "status": "passed"
            },
            "line": 16,
            "name": "User enters \"25000\" in the Initial Balance field",
            "match": {
              "arguments": [
                {
                  "val": "\"25000\"",
                  "offset": 12
                }
              ],
              "location": "steps.ListAccountsDefinition.user_enters_in_the_Initial_Balance_field(java.lang.String)"
            },
            "keyword": "And "
          },
          {
            "result": {
              "duration": 134923000,
              "status": "passed"
            },
            "line": 17,
            "name": "User enters \"5588\" in the A/C Numbers field",
            "match": {
              "arguments": [
                {
                  "val": "\"5588\"",
                  "offset": 12
                }
              ],
              "location": "steps.ListAccountsDefinition.user_enters_in_the_A_C_Numbers_field(java.lang.String)"
            },
            "keyword": "And "
          },
          {
            "result": {
              "duration": 172899700,
              "status": "passed"
            },
            "line": 18,
            "name": "User enters \"KM_contact_person\" in the Contact Person field",
            "match": {
              "arguments": [
                {
                  "val": "\"KM_contact_person\"",
                  "offset": 12
                }
              ],
              "location": "steps.ListAccountsDefinition.user_enters_in_the_field(java.lang.String)"
            },
            "keyword": "And "
          },
          {
            "result": {
              "duration": 117934900,
              "status": "passed"
            },
            "line": 19,
            "name": "User clicks on Save",
            "match": {
              "location": "steps.ListAccountsDefinition.user_clicks_on()"
            },
            "keyword": "And "
          },
          {
            "result": {
              "duration": 1061397700,
              "status": "passed"
            },
            "line": 20,
            "name": "User validates account created successfully",
            "match": {
              "location": "steps.ListAccountsDefinition.user_should_be_able_to_validate_account_created_successfully()"
            },
            "keyword": "Then "
          }
        ],
        "tags": [
          {
            "name": "@listAccountFeature"
          },
          {
            "name": "@regression"
          },
          {
            "name": "@addAccountScenario1"
          }
        ]
      }
    ],
    "name": "List Account Page functionality validation",
    "description": "",
    "id": "list-account-page-functionality-validation",
    "keyword": "Feature",
    "uri": "classpath:features/ListAccounts.feature",
    "tags": [
      {
        "name": "@listAccountFeature",
        "type": "Tag",
        "location": {
          "line": 1,
          "column": 1
        }
      },
      {
        "name": "@regression",
        "type": "Tag",
        "location": {
          "line": 1,
          "column": 21
        }
      }
    ]
  },
  {
    "line": 2,
    "elements": [
      {
        "start_timestamp": "2024-04-22T06:16:28.927Z",
        "before": [
          {
            "result": {
              "duration": 1589253700,
              "status": "passed"
            },
            "match": {
              "location": "steps.LoginStepDefinition.setUp()"
            }
          }
        ],
        "line": 15,
        "name": "1- User should be able to login with valid credential",
        "description": "",
        "id": "codefios-login-page-functionality-validation;1--user-should-be-able-to-login-with-valid-credential;;2",
        "after": [
          {
            "result": {
              "error_message": "org.openqa.selenium.WebDriverException: disconnected: not connected to DevTools\n  (failed to check if window was closed: disconnected: not connected to DevTools)\n  (Session info: chrome\u003d123.0.6312.124)\nBuild info: version: \u00273.14.0\u0027, revision: \u0027aacccce0\u0027, time: \u00272018-08-02T20:19:58.91Z\u0027\nSystem info: host: \u0027GP-PC-001\u0027, ip: \u002710.2.1.249\u0027, os.name: \u0027Windows 10\u0027, os.arch: \u0027amd64\u0027, os.version: \u002710.0\u0027, java.version: \u002711.0.18\u0027\nDriver info: org.openqa.selenium.chrome.ChromeDriver\nCapabilities {acceptInsecureCerts: false, browserName: chrome, browserVersion: 123.0.6312.124, chrome: {chromedriverVersion: 122.0.6261.69 (81bc525b6a36..., userDataDir: C:\\Users\\ADMINI~1\\AppData\\L...}, fedcm:accounts: true, goog:chromeOptions: {debuggerAddress: localhost:62485}, javascriptEnabled: true, networkConnectionEnabled: false, pageLoadStrategy: normal, platform: WINDOWS, platformName: WINDOWS, proxy: Proxy(), setWindowRect: true, strictFileInteractability: false, timeouts: {implicit: 0, pageLoad: 300000, script: 30000}, unhandledPromptBehavior: dismiss and notify, webauthn:extension:credBlob: true, webauthn:extension:largeBlob: true, webauthn:extension:minPinLength: true, webauthn:extension:prf: true, webauthn:virtualAuthenticators: true}\nSession ID: 14a33adbd7c33b0346663140795b68b7\r\n\tat java.base/jdk.internal.reflect.NativeConstructorAccessorImpl.newInstance0(Native Method)\r\n\tat java.base/jdk.internal.reflect.NativeConstructorAccessorImpl.newInstance(NativeConstructorAccessorImpl.java:62)\r\n\tat java.base/jdk.internal.reflect.DelegatingConstructorAccessorImpl.newInstance(DelegatingConstructorAccessorImpl.java:45)\r\n\tat java.base/java.lang.reflect.Constructor.newInstance(Constructor.java:490)\r\n\tat org.openqa.selenium.remote.http.W3CHttpResponseCodec.createException(W3CHttpResponseCodec.java:187)\r\n\tat org.openqa.selenium.remote.http.W3CHttpResponseCodec.decode(W3CHttpResponseCodec.java:122)\r\n\tat org.openqa.selenium.remote.http.W3CHttpResponseCodec.decode(W3CHttpResponseCodec.java:49)\r\n\tat org.openqa.selenium.remote.HttpCommandExecutor.execute(HttpCommandExecutor.java:158)\r\n\tat org.openqa.selenium.remote.service.DriverCommandExecutor.execute(DriverCommandExecutor.java:83)\r\n\tat org.openqa.selenium.remote.RemoteWebDriver.execute(RemoteWebDriver.java:548)\r\n\tat org.openqa.selenium.remote.RemoteWebDriver.execute(RemoteWebDriver.java:605)\r\n\tat org.openqa.selenium.remote.RemoteWebDriver.close(RemoteWebDriver.java:438)\r\n\tat steps.LoginStepDefinition.tearDown(LoginStepDefinition.java:71)\r\n",
              "duration": 9997300,
              "status": "failed"
            },
            "match": {
              "location": "steps.LoginStepDefinition.tearDown()"
            }
          }
        ],
        "type": "scenario",
        "keyword": "Scenario Outline",
        "steps": [
          {
            "result": {
              "duration": 4766872600,
              "status": "passed"
            },
            "line": 6,
            "name": "User is on the Codefios login page",
            "match": {
              "location": "steps.LoginStepDefinition.UserIsOnTheCodefiosLoginPage()"
            },
            "keyword": "Given "
          },
          {
            "result": {
              "duration": 3189844600,
              "status": "passed"
            },
            "line": 7,
            "name": "User enters username as \"demo@codefios.com\"",
            "match": {
              "arguments": [
                {
                  "val": "\"demo@codefios.com\"",
                  "offset": 24
                }
              ],
              "location": "steps.LoginStepDefinition.UserEnterTheUserName(java.lang.String)"
            },
            "keyword": "When "
          },
          {
            "result": {
              "error_message": "org.openqa.selenium.NoSuchWindowException: no such window: target window already closed\nfrom unknown error: web view not found\n  (Session info: chrome\u003d123.0.6312.124)\nBuild info: version: \u00273.14.0\u0027, revision: \u0027aacccce0\u0027, time: \u00272018-08-02T20:19:58.91Z\u0027\nSystem info: host: \u0027GP-PC-001\u0027, ip: \u002710.2.1.249\u0027, os.name: \u0027Windows 10\u0027, os.arch: \u0027amd64\u0027, os.version: \u002710.0\u0027, java.version: \u002711.0.18\u0027\nDriver info: org.openqa.selenium.chrome.ChromeDriver\nCapabilities {acceptInsecureCerts: false, browserName: chrome, browserVersion: 123.0.6312.124, chrome: {chromedriverVersion: 122.0.6261.69 (81bc525b6a36..., userDataDir: C:\\Users\\ADMINI~1\\AppData\\L...}, fedcm:accounts: true, goog:chromeOptions: {debuggerAddress: localhost:62485}, javascriptEnabled: true, networkConnectionEnabled: false, pageLoadStrategy: normal, platform: WINDOWS, platformName: WINDOWS, proxy: Proxy(), setWindowRect: true, strictFileInteractability: false, timeouts: {implicit: 0, pageLoad: 300000, script: 30000}, unhandledPromptBehavior: dismiss and notify, webauthn:extension:credBlob: true, webauthn:extension:largeBlob: true, webauthn:extension:minPinLength: true, webauthn:extension:prf: true, webauthn:virtualAuthenticators: true}\nSession ID: 14a33adbd7c33b0346663140795b68b7\n*** Element info: {Using\u003dxpath, value\u003d//input[@type\u003d\u0027password\u0027]}\r\n\tat java.base/jdk.internal.reflect.NativeConstructorAccessorImpl.newInstance0(Native Method)\r\n\tat java.base/jdk.internal.reflect.NativeConstructorAccessorImpl.newInstance(NativeConstructorAccessorImpl.java:62)\r\n\tat java.base/jdk.internal.reflect.DelegatingConstructorAccessorImpl.newInstance(DelegatingConstructorAccessorImpl.java:45)\r\n\tat java.base/java.lang.reflect.Constructor.newInstance(Constructor.java:490)\r\n\tat org.openqa.selenium.remote.http.W3CHttpResponseCodec.createException(W3CHttpResponseCodec.java:187)\r\n\tat org.openqa.selenium.remote.http.W3CHttpResponseCodec.decode(W3CHttpResponseCodec.java:122)\r\n\tat org.openqa.selenium.remote.http.W3CHttpResponseCodec.decode(W3CHttpResponseCodec.java:49)\r\n\tat org.openqa.selenium.remote.HttpCommandExecutor.execute(HttpCommandExecutor.java:158)\r\n\tat org.openqa.selenium.remote.service.DriverCommandExecutor.execute(DriverCommandExecutor.java:83)\r\n\tat org.openqa.selenium.remote.RemoteWebDriver.execute(RemoteWebDriver.java:548)\r\n\tat org.openqa.selenium.remote.RemoteWebDriver.findElement(RemoteWebDriver.java:322)\r\n\tat org.openqa.selenium.remote.RemoteWebDriver.findElementByXPath(RemoteWebDriver.java:424)\r\n\tat org.openqa.selenium.By$ByXPath.findElement(By.java:353)\r\n\tat org.openqa.selenium.remote.RemoteWebDriver.findElement(RemoteWebDriver.java:314)\r\n\tat org.openqa.selenium.support.pagefactory.DefaultElementLocator.findElement(DefaultElementLocator.java:69)\r\n\tat org.openqa.selenium.support.pagefactory.internal.LocatingElementHandler.invoke(LocatingElementHandler.java:38)\r\n\tat com.sun.proxy.$Proxy19.sendKeys(Unknown Source)\r\n\tat pages.LoginPage.enterPassword(LoginPage.java:33)\r\n\tat steps.LoginStepDefinition.user_enter_the_password(LoginStepDefinition.java:41)\r\n\tat ✽.User enters the password \"abc123\"(classpath:features/Login.feature:8)\r\n",
              "duration": 28962100,
              "status": "failed"
            },
            "line": 8,
            "name": "User enters the password \"abc123\"",
            "match": {
              "arguments": [
                {
                  "val": "\"abc123\"",
                  "offset": 25
                }
              ],
              "location": "steps.LoginStepDefinition.user_enter_the_password(java.lang.String)"
            },
            "keyword": "When "
          },
          {
            "result": {
              "status": "skipped"
            },
            "line": 9,
            "name": "User clicks on sign in button",
            "match": {
              "location": "steps.LoginStepDefinition.user_click_on_sign_in_button()"
            },
            "keyword": "And "
          },
          {
            "result": {
              "status": "skipped"
            },
            "line": 10,
            "name": "User should be able to land dashBoard page",
            "match": {
              "location": "steps.DashboardStepDefinition.user_should_be_able_to_land_dashBoard_page()"
            },
            "keyword": "Then "
          }
        ],
        "tags": [
          {
            "name": "@codefiosLogin"
          },
          {
            "name": "@regression"
          },
          {
            "name": "@codefiosLoginScenario1"
          },
          {
            "name": "@smoke"
          }
        ]
      }
    ],
    "name": "Codefios Login page functionality validation",
    "description": "",
    "id": "codefios-login-page-functionality-validation",
    "keyword": "Feature",
    "uri": "classpath:features/Login.feature",
    "tags": [
      {
        "name": "@codefiosLogin",
        "type": "Tag",
        "location": {
          "line": 1,
          "column": 1
        }
      },
      {
        "name": "@regression",
        "type": "Tag",
        "location": {
          "line": 1,
          "column": 16
        }
      }
    ]
  },
  {
    "line": 2,
    "elements": [
      {
        "start_timestamp": "2024-04-22T06:16:38.547Z",
        "before": [
          {
            "result": {
              "duration": 1962499100,
              "status": "passed"
            },
            "match": {
              "location": "steps.LoginStepDefinition.setUp()"
            }
          }
        ],
        "line": 14,
        "name": "1 - User should not be able to login with invalid credentials",
        "description": "",
        "id": "codefios-login-page-negative-functionality-validation;1---user-should-not-be-able-to-login-with-invalid-credentials;;2",
        "after": [
          {
            "result": {
              "error_message": "org.openqa.selenium.WebDriverException: disconnected: not connected to DevTools\n  (failed to check if window was closed: disconnected: not connected to DevTools)\n  (Session info: chrome\u003d123.0.6312.124)\nBuild info: version: \u00273.14.0\u0027, revision: \u0027aacccce0\u0027, time: \u00272018-08-02T20:19:58.91Z\u0027\nSystem info: host: \u0027GP-PC-001\u0027, ip: \u002710.2.1.249\u0027, os.name: \u0027Windows 10\u0027, os.arch: \u0027amd64\u0027, os.version: \u002710.0\u0027, java.version: \u002711.0.18\u0027\nDriver info: org.openqa.selenium.chrome.ChromeDriver\nCapabilities {acceptInsecureCerts: false, browserName: chrome, browserVersion: 123.0.6312.124, chrome: {chromedriverVersion: 122.0.6261.69 (81bc525b6a36..., userDataDir: C:\\Users\\ADMINI~1\\AppData\\L...}, fedcm:accounts: true, goog:chromeOptions: {debuggerAddress: localhost:62510}, javascriptEnabled: true, networkConnectionEnabled: false, pageLoadStrategy: normal, platform: WINDOWS, platformName: WINDOWS, proxy: Proxy(), setWindowRect: true, strictFileInteractability: false, timeouts: {implicit: 0, pageLoad: 300000, script: 30000}, unhandledPromptBehavior: dismiss and notify, webauthn:extension:credBlob: true, webauthn:extension:largeBlob: true, webauthn:extension:minPinLength: true, webauthn:extension:prf: true, webauthn:virtualAuthenticators: true}\nSession ID: 854ee8e1bd71f651f8a9ca9a7f132d4d\r\n\tat java.base/jdk.internal.reflect.NativeConstructorAccessorImpl.newInstance0(Native Method)\r\n\tat java.base/jdk.internal.reflect.NativeConstructorAccessorImpl.newInstance(NativeConstructorAccessorImpl.java:62)\r\n\tat java.base/jdk.internal.reflect.DelegatingConstructorAccessorImpl.newInstance(DelegatingConstructorAccessorImpl.java:45)\r\n\tat java.base/java.lang.reflect.Constructor.newInstance(Constructor.java:490)\r\n\tat org.openqa.selenium.remote.http.W3CHttpResponseCodec.createException(W3CHttpResponseCodec.java:187)\r\n\tat org.openqa.selenium.remote.http.W3CHttpResponseCodec.decode(W3CHttpResponseCodec.java:122)\r\n\tat org.openqa.selenium.remote.http.W3CHttpResponseCodec.decode(W3CHttpResponseCodec.java:49)\r\n\tat org.openqa.selenium.remote.HttpCommandExecutor.execute(HttpCommandExecutor.java:158)\r\n\tat org.openqa.selenium.remote.service.DriverCommandExecutor.execute(DriverCommandExecutor.java:83)\r\n\tat org.openqa.selenium.remote.RemoteWebDriver.execute(RemoteWebDriver.java:548)\r\n\tat org.openqa.selenium.remote.RemoteWebDriver.execute(RemoteWebDriver.java:605)\r\n\tat org.openqa.selenium.remote.RemoteWebDriver.close(RemoteWebDriver.java:438)\r\n\tat steps.LoginStepDefinition.tearDown(LoginStepDefinition.java:71)\r\n",
              "duration": 9992200,
              "status": "failed"
            },
            "match": {
              "location": "steps.LoginStepDefinition.tearDown()"
            }
          }
        ],
        "type": "scenario",
        "keyword": "Scenario Outline",
        "steps": [
          {
            "result": {
              "duration": 4463861000,
              "status": "passed"
            },
            "line": 6,
            "name": "User is on the Codefios login page",
            "match": {
              "location": "steps.LoginStepDefinition.UserIsOnTheCodefiosLoginPage()"
            },
            "keyword": "Given "
          },
          {
            "result": {
              "error_message": "org.openqa.selenium.NoSuchWindowException: no such window: target window already closed\nfrom unknown error: web view not found\n  (Session info: chrome\u003d123.0.6312.124)\nBuild info: version: \u00273.14.0\u0027, revision: \u0027aacccce0\u0027, time: \u00272018-08-02T20:19:58.91Z\u0027\nSystem info: host: \u0027GP-PC-001\u0027, ip: \u002710.2.1.249\u0027, os.name: \u0027Windows 10\u0027, os.arch: \u0027amd64\u0027, os.version: \u002710.0\u0027, java.version: \u002711.0.18\u0027\nDriver info: org.openqa.selenium.chrome.ChromeDriver\nCapabilities {acceptInsecureCerts: false, browserName: chrome, browserVersion: 123.0.6312.124, chrome: {chromedriverVersion: 122.0.6261.69 (81bc525b6a36..., userDataDir: C:\\Users\\ADMINI~1\\AppData\\L...}, fedcm:accounts: true, goog:chromeOptions: {debuggerAddress: localhost:62510}, javascriptEnabled: true, networkConnectionEnabled: false, pageLoadStrategy: normal, platform: WINDOWS, platformName: WINDOWS, proxy: Proxy(), setWindowRect: true, strictFileInteractability: false, timeouts: {implicit: 0, pageLoad: 300000, script: 30000}, unhandledPromptBehavior: dismiss and notify, webauthn:extension:credBlob: true, webauthn:extension:largeBlob: true, webauthn:extension:minPinLength: true, webauthn:extension:prf: true, webauthn:virtualAuthenticators: true}\nSession ID: 854ee8e1bd71f651f8a9ca9a7f132d4d\n*** Element info: {Using\u003dxpath, value\u003d//input[@name\u003d\u0027user_name\u0027]}\r\n\tat java.base/jdk.internal.reflect.NativeConstructorAccessorImpl.newInstance0(Native Method)\r\n\tat java.base/jdk.internal.reflect.NativeConstructorAccessorImpl.newInstance(NativeConstructorAccessorImpl.java:62)\r\n\tat java.base/jdk.internal.reflect.DelegatingConstructorAccessorImpl.newInstance(DelegatingConstructorAccessorImpl.java:45)\r\n\tat java.base/java.lang.reflect.Constructor.newInstance(Constructor.java:490)\r\n\tat org.openqa.selenium.remote.http.W3CHttpResponseCodec.createException(W3CHttpResponseCodec.java:187)\r\n\tat org.openqa.selenium.remote.http.W3CHttpResponseCodec.decode(W3CHttpResponseCodec.java:122)\r\n\tat org.openqa.selenium.remote.http.W3CHttpResponseCodec.decode(W3CHttpResponseCodec.java:49)\r\n\tat org.openqa.selenium.remote.HttpCommandExecutor.execute(HttpCommandExecutor.java:158)\r\n\tat org.openqa.selenium.remote.service.DriverCommandExecutor.execute(DriverCommandExecutor.java:83)\r\n\tat org.openqa.selenium.remote.RemoteWebDriver.execute(RemoteWebDriver.java:548)\r\n\tat org.openqa.selenium.remote.RemoteWebDriver.findElement(RemoteWebDriver.java:322)\r\n\tat org.openqa.selenium.remote.RemoteWebDriver.findElementByXPath(RemoteWebDriver.java:424)\r\n\tat org.openqa.selenium.By$ByXPath.findElement(By.java:353)\r\n\tat org.openqa.selenium.remote.RemoteWebDriver.findElement(RemoteWebDriver.java:314)\r\n\tat org.openqa.selenium.support.pagefactory.DefaultElementLocator.findElement(DefaultElementLocator.java:69)\r\n\tat org.openqa.selenium.support.pagefactory.internal.LocatingElementHandler.invoke(LocatingElementHandler.java:38)\r\n\tat com.sun.proxy.$Proxy19.sendKeys(Unknown Source)\r\n\tat pages.LoginPage.enterUserName(LoginPage.java:23)\r\n\tat steps.LoginStepDefinition.UserEnterTheUserName(LoginStepDefinition.java:36)\r\n\tat ✽.User enters username as \"demo1@codefios.com\"(classpath:features/NegativeLogin.feature:7)\r\n",
              "duration": 16969300,
              "status": "failed"
            },
            "line": 7,
            "name": "User enters username as \"demo1@codefios.com\"",
            "match": {
              "arguments": [
                {
                  "val": "\"demo1@codefios.com\"",
                  "offset": 24
                }
              ],
              "location": "steps.LoginStepDefinition.UserEnterTheUserName(java.lang.String)"
            },
            "keyword": "When "
          },
          {
            "result": {
              "duration": 999600,
              "status": "skipped"
            },
            "line": 8,
            "name": "User enters the password \"abc123\"",
            "match": {
              "arguments": [
                {
                  "val": "\"abc123\"",
                  "offset": 25
                }
              ],
              "location": "steps.LoginStepDefinition.user_enter_the_password(java.lang.String)"
            },
            "keyword": "When "
          },
          {
            "result": {
              "duration": 998300,
              "status": "skipped"
            },
            "line": 9,
            "name": "User clicks on sign in button",
            "match": {
              "location": "steps.LoginStepDefinition.user_click_on_sign_in_button()"
            },
            "keyword": "And "
          },
          {
            "result": {
              "duration": 1000100,
              "status": "skipped"
            },
            "line": 10,
            "name": "User should remain on Login page",
            "match": {
              "location": "steps.LoginStepDefinition.User_should_remain_on_Login_page()"
            },
            "keyword": "Then "
          }
        ],
        "tags": [
          {
            "name": "@codefiosNegativeFeature"
          },
          {
            "name": "@regression"
          },
          {
            "name": "@LoginNegativeScenario1"
          },
          {
            "name": "@smoke"
          }
        ]
      },
      {
        "start_timestamp": "2024-04-22T06:16:45.028Z",
        "before": [
          {
            "result": {
              "duration": 1409095800,
              "status": "passed"
            },
            "match": {
              "location": "steps.LoginStepDefinition.setUp()"
            }
          }
        ],
        "line": 15,
        "name": "1 - User should not be able to login with invalid credentials",
        "description": "",
        "id": "codefios-login-page-negative-functionality-validation;1---user-should-not-be-able-to-login-with-invalid-credentials;;3",
        "after": [
          {
            "result": {
              "error_message": "org.openqa.selenium.WebDriverException: disconnected: not connected to DevTools\n  (failed to check if window was closed: disconnected: not connected to DevTools)\n  (Session info: chrome\u003d123.0.6312.124)\nBuild info: version: \u00273.14.0\u0027, revision: \u0027aacccce0\u0027, time: \u00272018-08-02T20:19:58.91Z\u0027\nSystem info: host: \u0027GP-PC-001\u0027, ip: \u002710.2.1.249\u0027, os.name: \u0027Windows 10\u0027, os.arch: \u0027amd64\u0027, os.version: \u002710.0\u0027, java.version: \u002711.0.18\u0027\nDriver info: org.openqa.selenium.chrome.ChromeDriver\nCapabilities {acceptInsecureCerts: false, browserName: chrome, browserVersion: 123.0.6312.124, chrome: {chromedriverVersion: 122.0.6261.69 (81bc525b6a36..., userDataDir: C:\\Users\\ADMINI~1\\AppData\\L...}, fedcm:accounts: true, goog:chromeOptions: {debuggerAddress: localhost:62526}, javascriptEnabled: true, networkConnectionEnabled: false, pageLoadStrategy: normal, platform: WINDOWS, platformName: WINDOWS, proxy: Proxy(), setWindowRect: true, strictFileInteractability: false, timeouts: {implicit: 0, pageLoad: 300000, script: 30000}, unhandledPromptBehavior: dismiss and notify, webauthn:extension:credBlob: true, webauthn:extension:largeBlob: true, webauthn:extension:minPinLength: true, webauthn:extension:prf: true, webauthn:virtualAuthenticators: true}\nSession ID: 2e517329282fcaaad7e03cb963e48702\r\n\tat java.base/jdk.internal.reflect.NativeConstructorAccessorImpl.newInstance0(Native Method)\r\n\tat java.base/jdk.internal.reflect.NativeConstructorAccessorImpl.newInstance(NativeConstructorAccessorImpl.java:62)\r\n\tat java.base/jdk.internal.reflect.DelegatingConstructorAccessorImpl.newInstance(DelegatingConstructorAccessorImpl.java:45)\r\n\tat java.base/java.lang.reflect.Constructor.newInstance(Constructor.java:490)\r\n\tat org.openqa.selenium.remote.http.W3CHttpResponseCodec.createException(W3CHttpResponseCodec.java:187)\r\n\tat org.openqa.selenium.remote.http.W3CHttpResponseCodec.decode(W3CHttpResponseCodec.java:122)\r\n\tat org.openqa.selenium.remote.http.W3CHttpResponseCodec.decode(W3CHttpResponseCodec.java:49)\r\n\tat org.openqa.selenium.remote.HttpCommandExecutor.execute(HttpCommandExecutor.java:158)\r\n\tat org.openqa.selenium.remote.service.DriverCommandExecutor.execute(DriverCommandExecutor.java:83)\r\n\tat org.openqa.selenium.remote.RemoteWebDriver.execute(RemoteWebDriver.java:548)\r\n\tat org.openqa.selenium.remote.RemoteWebDriver.execute(RemoteWebDriver.java:605)\r\n\tat org.openqa.selenium.remote.RemoteWebDriver.close(RemoteWebDriver.java:438)\r\n\tat steps.LoginStepDefinition.tearDown(LoginStepDefinition.java:71)\r\n",
              "duration": 9995900,
              "status": "failed"
            },
            "match": {
              "location": "steps.LoginStepDefinition.tearDown()"
            }
          }
        ],
        "type": "scenario",
        "keyword": "Scenario Outline",
        "steps": [
          {
            "result": {
              "duration": 4291111000,
              "status": "passed"
            },
            "line": 6,
            "name": "User is on the Codefios login page",
            "match": {
              "location": "steps.LoginStepDefinition.UserIsOnTheCodefiosLoginPage()"
            },
            "keyword": "Given "
          },
          {
            "result": {
              "error_message": "org.openqa.selenium.NoSuchWindowException: no such window: target window already closed\nfrom unknown error: web view not found\n  (Session info: chrome\u003d123.0.6312.124)\nBuild info: version: \u00273.14.0\u0027, revision: \u0027aacccce0\u0027, time: \u00272018-08-02T20:19:58.91Z\u0027\nSystem info: host: \u0027GP-PC-001\u0027, ip: \u002710.2.1.249\u0027, os.name: \u0027Windows 10\u0027, os.arch: \u0027amd64\u0027, os.version: \u002710.0\u0027, java.version: \u002711.0.18\u0027\nDriver info: org.openqa.selenium.chrome.ChromeDriver\nCapabilities {acceptInsecureCerts: false, browserName: chrome, browserVersion: 123.0.6312.124, chrome: {chromedriverVersion: 122.0.6261.69 (81bc525b6a36..., userDataDir: C:\\Users\\ADMINI~1\\AppData\\L...}, fedcm:accounts: true, goog:chromeOptions: {debuggerAddress: localhost:62526}, javascriptEnabled: true, networkConnectionEnabled: false, pageLoadStrategy: normal, platform: WINDOWS, platformName: WINDOWS, proxy: Proxy(), setWindowRect: true, strictFileInteractability: false, timeouts: {implicit: 0, pageLoad: 300000, script: 30000}, unhandledPromptBehavior: dismiss and notify, webauthn:extension:credBlob: true, webauthn:extension:largeBlob: true, webauthn:extension:minPinLength: true, webauthn:extension:prf: true, webauthn:virtualAuthenticators: true}\nSession ID: 2e517329282fcaaad7e03cb963e48702\n*** Element info: {Using\u003dxpath, value\u003d//input[@name\u003d\u0027user_name\u0027]}\r\n\tat java.base/jdk.internal.reflect.NativeConstructorAccessorImpl.newInstance0(Native Method)\r\n\tat java.base/jdk.internal.reflect.NativeConstructorAccessorImpl.newInstance(NativeConstructorAccessorImpl.java:62)\r\n\tat java.base/jdk.internal.reflect.DelegatingConstructorAccessorImpl.newInstance(DelegatingConstructorAccessorImpl.java:45)\r\n\tat java.base/java.lang.reflect.Constructor.newInstance(Constructor.java:490)\r\n\tat org.openqa.selenium.remote.http.W3CHttpResponseCodec.createException(W3CHttpResponseCodec.java:187)\r\n\tat org.openqa.selenium.remote.http.W3CHttpResponseCodec.decode(W3CHttpResponseCodec.java:122)\r\n\tat org.openqa.selenium.remote.http.W3CHttpResponseCodec.decode(W3CHttpResponseCodec.java:49)\r\n\tat org.openqa.selenium.remote.HttpCommandExecutor.execute(HttpCommandExecutor.java:158)\r\n\tat org.openqa.selenium.remote.service.DriverCommandExecutor.execute(DriverCommandExecutor.java:83)\r\n\tat org.openqa.selenium.remote.RemoteWebDriver.execute(RemoteWebDriver.java:548)\r\n\tat org.openqa.selenium.remote.RemoteWebDriver.findElement(RemoteWebDriver.java:322)\r\n\tat org.openqa.selenium.remote.RemoteWebDriver.findElementByXPath(RemoteWebDriver.java:424)\r\n\tat org.openqa.selenium.By$ByXPath.findElement(By.java:353)\r\n\tat org.openqa.selenium.remote.RemoteWebDriver.findElement(RemoteWebDriver.java:314)\r\n\tat org.openqa.selenium.support.pagefactory.DefaultElementLocator.findElement(DefaultElementLocator.java:69)\r\n\tat org.openqa.selenium.support.pagefactory.internal.LocatingElementHandler.invoke(LocatingElementHandler.java:38)\r\n\tat com.sun.proxy.$Proxy19.sendKeys(Unknown Source)\r\n\tat pages.LoginPage.enterUserName(LoginPage.java:23)\r\n\tat steps.LoginStepDefinition.UserEnterTheUserName(LoginStepDefinition.java:36)\r\n\tat ✽.User enters username as \"demo@codefios.com\"(classpath:features/NegativeLogin.feature:7)\r\n",
              "duration": 17969300,
              "status": "failed"
            },
            "line": 7,
            "name": "User enters username as \"demo@codefios.com\"",
            "match": {
              "arguments": [
                {
                  "val": "\"demo@codefios.com\"",
                  "offset": 24
                }
              ],
              "location": "steps.LoginStepDefinition.UserEnterTheUserName(java.lang.String)"
            },
            "keyword": "When "
          },
          {
            "result": {
              "duration": 999100,
              "status": "skipped"
            },
            "line": 8,
            "name": "User enters the password \"abc124\"",
            "match": {
              "arguments": [
                {
                  "val": "\"abc124\"",
                  "offset": 25
                }
              ],
              "location": "steps.LoginStepDefinition.user_enter_the_password(java.lang.String)"
            },
            "keyword": "When "
          },
          {
            "result": {
              "duration": 999000,
              "status": "skipped"
            },
            "line": 9,
            "name": "User clicks on sign in button",
            "match": {
              "location": "steps.LoginStepDefinition.user_click_on_sign_in_button()"
            },
            "keyword": "And "
          },
          {
            "result": {
              "status": "skipped"
            },
            "line": 10,
            "name": "User should remain on Login page",
            "match": {
              "location": "steps.LoginStepDefinition.User_should_remain_on_Login_page()"
            },
            "keyword": "Then "
          }
        ],
        "tags": [
          {
            "name": "@codefiosNegativeFeature"
          },
          {
            "name": "@regression"
          },
          {
            "name": "@LoginNegativeScenario1"
          },
          {
            "name": "@smoke"
          }
        ]
      },
      {
        "start_timestamp": "2024-04-22T06:16:50.774Z",
        "before": [
          {
            "result": {
              "duration": 1579987900,
              "status": "passed"
            },
            "match": {
              "location": "steps.LoginStepDefinition.setUp()"
            }
          }
        ],
        "line": 16,
        "name": "1 - User should not be able to login with invalid credentials",
        "description": "",
        "id": "codefios-login-page-negative-functionality-validation;1---user-should-not-be-able-to-login-with-invalid-credentials;;4",
        "after": [
          {
            "result": {
              "error_message": "org.openqa.selenium.WebDriverException: disconnected: not connected to DevTools\n  (failed to check if window was closed: disconnected: not connected to DevTools)\n  (Session info: chrome\u003d123.0.6312.124)\nBuild info: version: \u00273.14.0\u0027, revision: \u0027aacccce0\u0027, time: \u00272018-08-02T20:19:58.91Z\u0027\nSystem info: host: \u0027GP-PC-001\u0027, ip: \u002710.2.1.249\u0027, os.name: \u0027Windows 10\u0027, os.arch: \u0027amd64\u0027, os.version: \u002710.0\u0027, java.version: \u002711.0.18\u0027\nDriver info: org.openqa.selenium.chrome.ChromeDriver\nCapabilities {acceptInsecureCerts: false, browserName: chrome, browserVersion: 123.0.6312.124, chrome: {chromedriverVersion: 122.0.6261.69 (81bc525b6a36..., userDataDir: C:\\Users\\ADMINI~1\\AppData\\L...}, fedcm:accounts: true, goog:chromeOptions: {debuggerAddress: localhost:62541}, javascriptEnabled: true, networkConnectionEnabled: false, pageLoadStrategy: normal, platform: WINDOWS, platformName: WINDOWS, proxy: Proxy(), setWindowRect: true, strictFileInteractability: false, timeouts: {implicit: 0, pageLoad: 300000, script: 30000}, unhandledPromptBehavior: dismiss and notify, webauthn:extension:credBlob: true, webauthn:extension:largeBlob: true, webauthn:extension:minPinLength: true, webauthn:extension:prf: true, webauthn:virtualAuthenticators: true}\nSession ID: 42c4cbf5e3240a49fecf366d5d5ba706\r\n\tat java.base/jdk.internal.reflect.NativeConstructorAccessorImpl.newInstance0(Native Method)\r\n\tat java.base/jdk.internal.reflect.NativeConstructorAccessorImpl.newInstance(NativeConstructorAccessorImpl.java:62)\r\n\tat java.base/jdk.internal.reflect.DelegatingConstructorAccessorImpl.newInstance(DelegatingConstructorAccessorImpl.java:45)\r\n\tat java.base/java.lang.reflect.Constructor.newInstance(Constructor.java:490)\r\n\tat org.openqa.selenium.remote.http.W3CHttpResponseCodec.createException(W3CHttpResponseCodec.java:187)\r\n\tat org.openqa.selenium.remote.http.W3CHttpResponseCodec.decode(W3CHttpResponseCodec.java:122)\r\n\tat org.openqa.selenium.remote.http.W3CHttpResponseCodec.decode(W3CHttpResponseCodec.java:49)\r\n\tat org.openqa.selenium.remote.HttpCommandExecutor.execute(HttpCommandExecutor.java:158)\r\n\tat org.openqa.selenium.remote.service.DriverCommandExecutor.execute(DriverCommandExecutor.java:83)\r\n\tat org.openqa.selenium.remote.RemoteWebDriver.execute(RemoteWebDriver.java:548)\r\n\tat org.openqa.selenium.remote.RemoteWebDriver.execute(RemoteWebDriver.java:605)\r\n\tat org.openqa.selenium.remote.RemoteWebDriver.close(RemoteWebDriver.java:438)\r\n\tat steps.LoginStepDefinition.tearDown(LoginStepDefinition.java:71)\r\n",
              "duration": 10995400,
              "status": "failed"
            },
            "match": {
              "location": "steps.LoginStepDefinition.tearDown()"
            }
          }
        ],
        "type": "scenario",
        "keyword": "Scenario Outline",
        "steps": [
          {
            "result": {
              "duration": 4175475200,
              "status": "passed"
            },
            "line": 6,
            "name": "User is on the Codefios login page",
            "match": {
              "location": "steps.LoginStepDefinition.UserIsOnTheCodefiosLoginPage()"
            },
            "keyword": "Given "
          },
          {
            "result": {
              "error_message": "org.openqa.selenium.NoSuchWindowException: no such window: target window already closed\nfrom unknown error: web view not found\n  (Session info: chrome\u003d123.0.6312.124)\nBuild info: version: \u00273.14.0\u0027, revision: \u0027aacccce0\u0027, time: \u00272018-08-02T20:19:58.91Z\u0027\nSystem info: host: \u0027GP-PC-001\u0027, ip: \u002710.2.1.249\u0027, os.name: \u0027Windows 10\u0027, os.arch: \u0027amd64\u0027, os.version: \u002710.0\u0027, java.version: \u002711.0.18\u0027\nDriver info: org.openqa.selenium.chrome.ChromeDriver\nCapabilities {acceptInsecureCerts: false, browserName: chrome, browserVersion: 123.0.6312.124, chrome: {chromedriverVersion: 122.0.6261.69 (81bc525b6a36..., userDataDir: C:\\Users\\ADMINI~1\\AppData\\L...}, fedcm:accounts: true, goog:chromeOptions: {debuggerAddress: localhost:62541}, javascriptEnabled: true, networkConnectionEnabled: false, pageLoadStrategy: normal, platform: WINDOWS, platformName: WINDOWS, proxy: Proxy(), setWindowRect: true, strictFileInteractability: false, timeouts: {implicit: 0, pageLoad: 300000, script: 30000}, unhandledPromptBehavior: dismiss and notify, webauthn:extension:credBlob: true, webauthn:extension:largeBlob: true, webauthn:extension:minPinLength: true, webauthn:extension:prf: true, webauthn:virtualAuthenticators: true}\nSession ID: 42c4cbf5e3240a49fecf366d5d5ba706\n*** Element info: {Using\u003dxpath, value\u003d//input[@name\u003d\u0027user_name\u0027]}\r\n\tat java.base/jdk.internal.reflect.NativeConstructorAccessorImpl.newInstance0(Native Method)\r\n\tat java.base/jdk.internal.reflect.NativeConstructorAccessorImpl.newInstance(NativeConstructorAccessorImpl.java:62)\r\n\tat java.base/jdk.internal.reflect.DelegatingConstructorAccessorImpl.newInstance(DelegatingConstructorAccessorImpl.java:45)\r\n\tat java.base/java.lang.reflect.Constructor.newInstance(Constructor.java:490)\r\n\tat org.openqa.selenium.remote.http.W3CHttpResponseCodec.createException(W3CHttpResponseCodec.java:187)\r\n\tat org.openqa.selenium.remote.http.W3CHttpResponseCodec.decode(W3CHttpResponseCodec.java:122)\r\n\tat org.openqa.selenium.remote.http.W3CHttpResponseCodec.decode(W3CHttpResponseCodec.java:49)\r\n\tat org.openqa.selenium.remote.HttpCommandExecutor.execute(HttpCommandExecutor.java:158)\r\n\tat org.openqa.selenium.remote.service.DriverCommandExecutor.execute(DriverCommandExecutor.java:83)\r\n\tat org.openqa.selenium.remote.RemoteWebDriver.execute(RemoteWebDriver.java:548)\r\n\tat org.openqa.selenium.remote.RemoteWebDriver.findElement(RemoteWebDriver.java:322)\r\n\tat org.openqa.selenium.remote.RemoteWebDriver.findElementByXPath(RemoteWebDriver.java:424)\r\n\tat org.openqa.selenium.By$ByXPath.findElement(By.java:353)\r\n\tat org.openqa.selenium.remote.RemoteWebDriver.findElement(RemoteWebDriver.java:314)\r\n\tat org.openqa.selenium.support.pagefactory.DefaultElementLocator.findElement(DefaultElementLocator.java:69)\r\n\tat org.openqa.selenium.support.pagefactory.internal.LocatingElementHandler.invoke(LocatingElementHandler.java:38)\r\n\tat com.sun.proxy.$Proxy19.sendKeys(Unknown Source)\r\n\tat pages.LoginPage.enterUserName(LoginPage.java:23)\r\n\tat steps.LoginStepDefinition.UserEnterTheUserName(LoginStepDefinition.java:36)\r\n\tat ✽.User enters username as \"demo1@codefios.com\"(classpath:features/NegativeLogin.feature:7)\r\n",
              "duration": 18990100,
              "status": "failed"
            },
            "line": 7,
            "name": "User enters username as \"demo1@codefios.com\"",
            "match": {
              "arguments": [
                {
                  "val": "\"demo1@codefios.com\"",
                  "offset": 24
                }
              ],
              "location": "steps.LoginStepDefinition.UserEnterTheUserName(java.lang.String)"
            },
            "keyword": "When "
          },
          {
            "result": {
              "duration": 999400,
              "status": "skipped"
            },
            "line": 8,
            "name": "User enters the password \"abc14\"",
            "match": {
              "arguments": [
                {
                  "val": "\"abc14\"",
                  "offset": 25
                }
              ],
              "location": "steps.LoginStepDefinition.user_enter_the_password(java.lang.String)"
            },
            "keyword": "When "
          },
          {
            "result": {
              "duration": 999000,
              "status": "skipped"
            },
            "line": 9,
            "name": "User clicks on sign in button",
            "match": {
              "location": "steps.LoginStepDefinition.user_click_on_sign_in_button()"
            },
            "keyword": "And "
          },
          {
            "result": {
              "status": "skipped"
            },
            "line": 10,
            "name": "User should remain on Login page",
            "match": {
              "location": "steps.LoginStepDefinition.User_should_remain_on_Login_page()"
            },
            "keyword": "Then "
          }
        ],
        "tags": [
          {
            "name": "@codefiosNegativeFeature"
          },
          {
            "name": "@regression"
          },
          {
            "name": "@LoginNegativeScenario1"
          },
          {
            "name": "@smoke"
          }
        ]
      },
      {
        "start_timestamp": "2024-04-22T06:16:56.573Z",
        "before": [
          {
            "result": {
              "error_message": "org.openqa.selenium.SessionNotCreatedException: session not created: Chrome failed to start: exited normally.\n  (session not created: DevToolsActivePort file doesn\u0027t exist)\n  (The process started from chrome location C:\\Program Files (x86)\\Google\\Chrome\\Application\\chrome.exe is no longer running, so ChromeDriver is assuming that Chrome has crashed.)\nBuild info: version: \u00273.14.0\u0027, revision: \u0027aacccce0\u0027, time: \u00272018-08-02T20:19:58.91Z\u0027\nSystem info: host: \u0027GP-PC-001\u0027, ip: \u002710.2.1.249\u0027, os.name: \u0027Windows 10\u0027, os.arch: \u0027amd64\u0027, os.version: \u002710.0\u0027, java.version: \u002711.0.18\u0027\nDriver info: driver.version: ChromeDriver\nremote stacktrace: \tGetHandleVerifier [0x00007FF6EBF04C82+3505170]\n\t(No symbol) [0x00007FF6EBB30852]\n\t(No symbol) [0x00007FF6EB9E4145]\n\t(No symbol) [0x00007FF6EBA14821]\n\t(No symbol) [0x00007FF6EBA107D4]\n\t(No symbol) [0x00007FF6EBA55B5F]\n\t(No symbol) [0x00007FF6EBA556C0]\n\t(No symbol) [0x00007FF6EBA4BC33]\n\t(No symbol) [0x00007FF6EBA1D618]\n\t(No symbol) [0x00007FF6EBA1E6B1]\n\tGetHandleVerifier [0x00007FF6EBF367DD+3708781]\n\tGetHandleVerifier [0x00007FF6EBF8FC5D+4074477]\n\tGetHandleVerifier [0x00007FF6EBF87DDF+4042095]\n\tGetHandleVerifier [0x00007FF6EBC5A136+708806]\n\t(No symbol) [0x00007FF6EBB3CB0F]\n\t(No symbol) [0x00007FF6EBB37D14]\n\t(No symbol) [0x00007FF6EBB37E6C]\n\t(No symbol) [0x00007FF6EBB279A4]\n\tBaseThreadInitThunk [0x00007FFD8C207034+20]\n\tRtlUserThreadStart [0x00007FFD8CB62651+33]\n\r\n\tat java.base/jdk.internal.reflect.NativeConstructorAccessorImpl.newInstance0(Native Method)\r\n\tat java.base/jdk.internal.reflect.NativeConstructorAccessorImpl.newInstance(NativeConstructorAccessorImpl.java:62)\r\n\tat java.base/jdk.internal.reflect.DelegatingConstructorAccessorImpl.newInstance(DelegatingConstructorAccessorImpl.java:45)\r\n\tat java.base/java.lang.reflect.Constructor.newInstance(Constructor.java:490)\r\n\tat org.openqa.selenium.remote.W3CHandshakeResponse.lambda$new$0(W3CHandshakeResponse.java:57)\r\n\tat org.openqa.selenium.remote.W3CHandshakeResponse.lambda$getResponseFunction$2(W3CHandshakeResponse.java:104)\r\n\tat org.openqa.selenium.remote.ProtocolHandshake.lambda$createSession$0(ProtocolHandshake.java:122)\r\n\tat java.base/java.util.stream.ReferencePipeline$3$1.accept(ReferencePipeline.java:195)\r\n\tat java.base/java.util.Spliterators$ArraySpliterator.tryAdvance(Spliterators.java:958)\r\n\tat java.base/java.util.stream.ReferencePipeline.forEachWithCancel(ReferencePipeline.java:127)\r\n\tat java.base/java.util.stream.AbstractPipeline.copyIntoWithCancel(AbstractPipeline.java:502)\r\n\tat java.base/java.util.stream.AbstractPipeline.copyInto(AbstractPipeline.java:488)\r\n\tat java.base/java.util.stream.AbstractPipeline.wrapAndCopyInto(AbstractPipeline.java:474)\r\n\tat java.base/java.util.stream.FindOps$FindOp.evaluateSequential(FindOps.java:150)\r\n\tat java.base/java.util.stream.AbstractPipeline.evaluate(AbstractPipeline.java:234)\r\n\tat java.base/java.util.stream.ReferencePipeline.findFirst(ReferencePipeline.java:543)\r\n\tat org.openqa.selenium.remote.ProtocolHandshake.createSession(ProtocolHandshake.java:125)\r\n\tat org.openqa.selenium.remote.ProtocolHandshake.createSession(ProtocolHandshake.java:73)\r\n\tat org.openqa.selenium.remote.HttpCommandExecutor.execute(HttpCommandExecutor.java:136)\r\n\tat org.openqa.selenium.remote.service.DriverCommandExecutor.execute(DriverCommandExecutor.java:83)\r\n\tat org.openqa.selenium.remote.RemoteWebDriver.execute(RemoteWebDriver.java:548)\r\n\tat org.openqa.selenium.remote.RemoteWebDriver.startSession(RemoteWebDriver.java:212)\r\n\tat org.openqa.selenium.remote.RemoteWebDriver.\u003cinit\u003e(RemoteWebDriver.java:130)\r\n\tat org.openqa.selenium.chrome.ChromeDriver.\u003cinit\u003e(ChromeDriver.java:181)\r\n\tat org.openqa.selenium.chrome.ChromeDriver.\u003cinit\u003e(ChromeDriver.java:168)\r\n\tat org.openqa.selenium.chrome.ChromeDriver.\u003cinit\u003e(ChromeDriver.java:123)\r\n\tat pages.TestBase.initDriver(TestBase.java:14)\r\n\tat steps.LoginStepDefinition.setUp(LoginStepDefinition.java:19)\r\n",
              "duration": 4912934900,
              "status": "failed"
            },
            "match": {
              "location": "steps.LoginStepDefinition.setUp()"
            }
          }
        ],
        "line": 29,
        "name": "2 - User should not be able to login without credentials",
        "description": "",
        "id": "codefios-login-page-negative-functionality-validation;2---user-should-not-be-able-to-login-without-credentials;;2",
        "after": [
          {
            "result": {
              "error_message": "org.openqa.selenium.WebDriverException: disconnected: not connected to DevTools\n  (failed to check if window was closed: disconnected: not connected to DevTools)\n  (Session info: chrome\u003d123.0.6312.124)\nBuild info: version: \u00273.14.0\u0027, revision: \u0027aacccce0\u0027, time: \u00272018-08-02T20:19:58.91Z\u0027\nSystem info: host: \u0027GP-PC-001\u0027, ip: \u002710.2.1.249\u0027, os.name: \u0027Windows 10\u0027, os.arch: \u0027amd64\u0027, os.version: \u002710.0\u0027, java.version: \u002711.0.18\u0027\nDriver info: org.openqa.selenium.chrome.ChromeDriver\nCapabilities {acceptInsecureCerts: false, browserName: chrome, browserVersion: 123.0.6312.124, chrome: {chromedriverVersion: 122.0.6261.69 (81bc525b6a36..., userDataDir: C:\\Users\\ADMINI~1\\AppData\\L...}, fedcm:accounts: true, goog:chromeOptions: {debuggerAddress: localhost:62541}, javascriptEnabled: true, networkConnectionEnabled: false, pageLoadStrategy: normal, platform: WINDOWS, platformName: WINDOWS, proxy: Proxy(), setWindowRect: true, strictFileInteractability: false, timeouts: {implicit: 0, pageLoad: 300000, script: 30000}, unhandledPromptBehavior: dismiss and notify, webauthn:extension:credBlob: true, webauthn:extension:largeBlob: true, webauthn:extension:minPinLength: true, webauthn:extension:prf: true, webauthn:virtualAuthenticators: true}\nSession ID: 42c4cbf5e3240a49fecf366d5d5ba706\r\n\tat java.base/jdk.internal.reflect.NativeConstructorAccessorImpl.newInstance0(Native Method)\r\n\tat java.base/jdk.internal.reflect.NativeConstructorAccessorImpl.newInstance(NativeConstructorAccessorImpl.java:62)\r\n\tat java.base/jdk.internal.reflect.DelegatingConstructorAccessorImpl.newInstance(DelegatingConstructorAccessorImpl.java:45)\r\n\tat java.base/java.lang.reflect.Constructor.newInstance(Constructor.java:490)\r\n\tat org.openqa.selenium.remote.http.W3CHttpResponseCodec.createException(W3CHttpResponseCodec.java:187)\r\n\tat org.openqa.selenium.remote.http.W3CHttpResponseCodec.decode(W3CHttpResponseCodec.java:122)\r\n\tat org.openqa.selenium.remote.http.W3CHttpResponseCodec.decode(W3CHttpResponseCodec.java:49)\r\n\tat org.openqa.selenium.remote.HttpCommandExecutor.execute(HttpCommandExecutor.java:158)\r\n\tat org.openqa.selenium.remote.service.DriverCommandExecutor.execute(DriverCommandExecutor.java:83)\r\n\tat org.openqa.selenium.remote.RemoteWebDriver.execute(RemoteWebDriver.java:548)\r\n\tat org.openqa.selenium.remote.RemoteWebDriver.execute(RemoteWebDriver.java:605)\r\n\tat org.openqa.selenium.remote.RemoteWebDriver.close(RemoteWebDriver.java:438)\r\n\tat steps.LoginStepDefinition.tearDown(LoginStepDefinition.java:71)\r\n",
              "duration": 9992900,
              "status": "failed"
            },
            "match": {
              "location": "steps.LoginStepDefinition.tearDown()"
            }
          }
        ],
        "type": "scenario",
        "keyword": "Scenario Outline",
        "steps": [
          {
            "result": {
              "status": "skipped"
            },
            "line": 20,
            "name": "User is on the Codefios login page",
            "match": {
              "location": "steps.LoginStepDefinition.UserIsOnTheCodefiosLoginPage()"
            },
            "keyword": "Given "
          },
          {
            "result": {
              "duration": 999200,
              "status": "skipped"
            },
            "line": 21,
            "name": "User enters username as \"demo@codefios.com\"",
            "match": {
              "arguments": [
                {
                  "val": "\"demo@codefios.com\"",
                  "offset": 24
                }
              ],
              "location": "steps.LoginStepDefinition.UserEnterTheUserName(java.lang.String)"
            },
            "keyword": "When "
          },
          {
            "result": {
              "duration": 1999500,
              "status": "skipped"
            },
            "line": 22,
            "name": "User enters the password \"\"",
            "match": {
              "arguments": [
                {
                  "val": "\"\"",
                  "offset": 25
                }
              ],
              "location": "steps.LoginStepDefinition.user_enter_the_password(java.lang.String)"
            },
            "keyword": "When "
          },
          {
            "result": {
              "status": "skipped"
            },
            "line": 23,
            "name": "User clicks on sign in button",
            "match": {
              "location": "steps.LoginStepDefinition.user_click_on_sign_in_button()"
            },
            "keyword": "And "
          },
          {
            "result": {
              "duration": 998200,
              "status": "skipped"
            },
            "line": 24,
            "name": "User clicks OK on Alert",
            "match": {
              "location": "steps.LoginStepDefinition.user_clicks_OK_on_Alert()"
            },
            "keyword": "And "
          },
          {
            "result": {
              "duration": 1000200,
              "status": "skipped"
            },
            "line": 25,
            "name": "User should remain on Login page",
            "match": {
              "location": "steps.LoginStepDefinition.User_should_remain_on_Login_page()"
            },
            "keyword": "Then "
          }
        ],
        "tags": [
          {
            "name": "@codefiosNegativeFeature"
          },
          {
            "name": "@regression"
          },
          {
            "name": "@LoginNegativeScenario2"
          }
        ]
      },
      {
        "start_timestamp": "2024-04-22T06:17:01.524Z",
        "before": [
          {
            "result": {
              "duration": 1831948700,
              "status": "passed"
            },
            "match": {
              "location": "steps.LoginStepDefinition.setUp()"
            }
          }
        ],
        "line": 30,
        "name": "2 - User should not be able to login without credentials",
        "description": "",
        "id": "codefios-login-page-negative-functionality-validation;2---user-should-not-be-able-to-login-without-credentials;;3",
        "after": [
          {
            "result": {
              "error_message": "org.openqa.selenium.WebDriverException: disconnected: not connected to DevTools\n  (failed to check if window was closed: disconnected: not connected to DevTools)\n  (Session info: chrome\u003d123.0.6312.124)\nBuild info: version: \u00273.14.0\u0027, revision: \u0027aacccce0\u0027, time: \u00272018-08-02T20:19:58.91Z\u0027\nSystem info: host: \u0027GP-PC-001\u0027, ip: \u002710.2.1.249\u0027, os.name: \u0027Windows 10\u0027, os.arch: \u0027amd64\u0027, os.version: \u002710.0\u0027, java.version: \u002711.0.18\u0027\nDriver info: org.openqa.selenium.chrome.ChromeDriver\nCapabilities {acceptInsecureCerts: false, browserName: chrome, browserVersion: 123.0.6312.124, chrome: {chromedriverVersion: 122.0.6261.69 (81bc525b6a36..., userDataDir: C:\\Users\\ADMINI~1\\AppData\\L...}, fedcm:accounts: true, goog:chromeOptions: {debuggerAddress: localhost:62567}, javascriptEnabled: true, networkConnectionEnabled: false, pageLoadStrategy: normal, platform: WINDOWS, platformName: WINDOWS, proxy: Proxy(), setWindowRect: true, strictFileInteractability: false, timeouts: {implicit: 0, pageLoad: 300000, script: 30000}, unhandledPromptBehavior: dismiss and notify, webauthn:extension:credBlob: true, webauthn:extension:largeBlob: true, webauthn:extension:minPinLength: true, webauthn:extension:prf: true, webauthn:virtualAuthenticators: true}\nSession ID: 060c3be25887ca2f6058320e92d9e2c3\r\n\tat java.base/jdk.internal.reflect.NativeConstructorAccessorImpl.newInstance0(Native Method)\r\n\tat java.base/jdk.internal.reflect.NativeConstructorAccessorImpl.newInstance(NativeConstructorAccessorImpl.java:62)\r\n\tat java.base/jdk.internal.reflect.DelegatingConstructorAccessorImpl.newInstance(DelegatingConstructorAccessorImpl.java:45)\r\n\tat java.base/java.lang.reflect.Constructor.newInstance(Constructor.java:490)\r\n\tat org.openqa.selenium.remote.http.W3CHttpResponseCodec.createException(W3CHttpResponseCodec.java:187)\r\n\tat org.openqa.selenium.remote.http.W3CHttpResponseCodec.decode(W3CHttpResponseCodec.java:122)\r\n\tat org.openqa.selenium.remote.http.W3CHttpResponseCodec.decode(W3CHttpResponseCodec.java:49)\r\n\tat org.openqa.selenium.remote.HttpCommandExecutor.execute(HttpCommandExecutor.java:158)\r\n\tat org.openqa.selenium.remote.service.DriverCommandExecutor.execute(DriverCommandExecutor.java:83)\r\n\tat org.openqa.selenium.remote.RemoteWebDriver.execute(RemoteWebDriver.java:548)\r\n\tat org.openqa.selenium.remote.RemoteWebDriver.execute(RemoteWebDriver.java:605)\r\n\tat org.openqa.selenium.remote.RemoteWebDriver.close(RemoteWebDriver.java:438)\r\n\tat steps.LoginStepDefinition.tearDown(LoginStepDefinition.java:71)\r\n",
              "duration": 10993300,
              "status": "failed"
            },
            "match": {
              "location": "steps.LoginStepDefinition.tearDown()"
            }
          }
        ],
        "type": "scenario",
        "keyword": "Scenario Outline",
        "steps": [
          {
            "result": {
              "duration": 4299873800,
              "status": "passed"
            },
            "line": 20,
            "name": "User is on the Codefios login page",
            "match": {
              "location": "steps.LoginStepDefinition.UserIsOnTheCodefiosLoginPage()"
            },
            "keyword": "Given "
          },
          {
            "result": {
              "error_message": "org.openqa.selenium.NoSuchWindowException: no such window: target window already closed\nfrom unknown error: web view not found\n  (Session info: chrome\u003d123.0.6312.124)\nBuild info: version: \u00273.14.0\u0027, revision: \u0027aacccce0\u0027, time: \u00272018-08-02T20:19:58.91Z\u0027\nSystem info: host: \u0027GP-PC-001\u0027, ip: \u002710.2.1.249\u0027, os.name: \u0027Windows 10\u0027, os.arch: \u0027amd64\u0027, os.version: \u002710.0\u0027, java.version: \u002711.0.18\u0027\nDriver info: org.openqa.selenium.chrome.ChromeDriver\nCapabilities {acceptInsecureCerts: false, browserName: chrome, browserVersion: 123.0.6312.124, chrome: {chromedriverVersion: 122.0.6261.69 (81bc525b6a36..., userDataDir: C:\\Users\\ADMINI~1\\AppData\\L...}, fedcm:accounts: true, goog:chromeOptions: {debuggerAddress: localhost:62567}, javascriptEnabled: true, networkConnectionEnabled: false, pageLoadStrategy: normal, platform: WINDOWS, platformName: WINDOWS, proxy: Proxy(), setWindowRect: true, strictFileInteractability: false, timeouts: {implicit: 0, pageLoad: 300000, script: 30000}, unhandledPromptBehavior: dismiss and notify, webauthn:extension:credBlob: true, webauthn:extension:largeBlob: true, webauthn:extension:minPinLength: true, webauthn:extension:prf: true, webauthn:virtualAuthenticators: true}\nSession ID: 060c3be25887ca2f6058320e92d9e2c3\n*** Element info: {Using\u003dxpath, value\u003d//input[@name\u003d\u0027user_name\u0027]}\r\n\tat java.base/jdk.internal.reflect.NativeConstructorAccessorImpl.newInstance0(Native Method)\r\n\tat java.base/jdk.internal.reflect.NativeConstructorAccessorImpl.newInstance(NativeConstructorAccessorImpl.java:62)\r\n\tat java.base/jdk.internal.reflect.DelegatingConstructorAccessorImpl.newInstance(DelegatingConstructorAccessorImpl.java:45)\r\n\tat java.base/java.lang.reflect.Constructor.newInstance(Constructor.java:490)\r\n\tat org.openqa.selenium.remote.http.W3CHttpResponseCodec.createException(W3CHttpResponseCodec.java:187)\r\n\tat org.openqa.selenium.remote.http.W3CHttpResponseCodec.decode(W3CHttpResponseCodec.java:122)\r\n\tat org.openqa.selenium.remote.http.W3CHttpResponseCodec.decode(W3CHttpResponseCodec.java:49)\r\n\tat org.openqa.selenium.remote.HttpCommandExecutor.execute(HttpCommandExecutor.java:158)\r\n\tat org.openqa.selenium.remote.service.DriverCommandExecutor.execute(DriverCommandExecutor.java:83)\r\n\tat org.openqa.selenium.remote.RemoteWebDriver.execute(RemoteWebDriver.java:548)\r\n\tat org.openqa.selenium.remote.RemoteWebDriver.findElement(RemoteWebDriver.java:322)\r\n\tat org.openqa.selenium.remote.RemoteWebDriver.findElementByXPath(RemoteWebDriver.java:424)\r\n\tat org.openqa.selenium.By$ByXPath.findElement(By.java:353)\r\n\tat org.openqa.selenium.remote.RemoteWebDriver.findElement(RemoteWebDriver.java:314)\r\n\tat org.openqa.selenium.support.pagefactory.DefaultElementLocator.findElement(DefaultElementLocator.java:69)\r\n\tat org.openqa.selenium.support.pagefactory.internal.LocatingElementHandler.invoke(LocatingElementHandler.java:38)\r\n\tat com.sun.proxy.$Proxy19.sendKeys(Unknown Source)\r\n\tat pages.LoginPage.enterUserName(LoginPage.java:23)\r\n\tat steps.LoginStepDefinition.UserEnterTheUserName(LoginStepDefinition.java:36)\r\n\tat ✽.User enters username as \"\"(classpath:features/NegativeLogin.feature:21)\r\n",
              "duration": 17971100,
              "status": "failed"
            },
            "line": 21,
            "name": "User enters username as \"\"",
            "match": {
              "arguments": [
                {
                  "val": "\"\"",
                  "offset": 24
                }
              ],
              "location": "steps.LoginStepDefinition.UserEnterTheUserName(java.lang.String)"
            },
            "keyword": "When "
          },
          {
            "result": {
              "duration": 999300,
              "status": "skipped"
            },
            "line": 22,
            "name": "User enters the password \"abc14\"",
            "match": {
              "arguments": [
                {
                  "val": "\"abc14\"",
                  "offset": 25
                }
              ],
              "location": "steps.LoginStepDefinition.user_enter_the_password(java.lang.String)"
            },
            "keyword": "When "
          },
          {
            "result": {
              "duration": 1000100,
              "status": "skipped"
            },
            "line": 23,
            "name": "User clicks on sign in button",
            "match": {
              "location": "steps.LoginStepDefinition.user_click_on_sign_in_button()"
            },
            "keyword": "And "
          },
          {
            "result": {
              "status": "skipped"
            },
            "line": 24,
            "name": "User clicks OK on Alert",
            "match": {
              "location": "steps.LoginStepDefinition.user_clicks_OK_on_Alert()"
            },
            "keyword": "And "
          },
          {
            "result": {
              "status": "skipped"
            },
            "line": 25,
            "name": "User should remain on Login page",
            "match": {
              "location": "steps.LoginStepDefinition.User_should_remain_on_Login_page()"
            },
            "keyword": "Then "
          }
        ],
        "tags": [
          {
            "name": "@codefiosNegativeFeature"
          },
          {
            "name": "@regression"
          },
          {
            "name": "@LoginNegativeScenario2"
          }
        ]
      },
      {
        "start_timestamp": "2024-04-22T06:17:07.700Z",
        "before": [
          {
            "result": {
              "error_message": "org.openqa.selenium.SessionNotCreatedException: session not created: Chrome failed to start: exited normally.\n  (session not created: DevToolsActivePort file doesn\u0027t exist)\n  (The process started from chrome location C:\\Program Files (x86)\\Google\\Chrome\\Application\\chrome.exe is no longer running, so ChromeDriver is assuming that Chrome has crashed.)\nBuild info: version: \u00273.14.0\u0027, revision: \u0027aacccce0\u0027, time: \u00272018-08-02T20:19:58.91Z\u0027\nSystem info: host: \u0027GP-PC-001\u0027, ip: \u002710.2.1.249\u0027, os.name: \u0027Windows 10\u0027, os.arch: \u0027amd64\u0027, os.version: \u002710.0\u0027, java.version: \u002711.0.18\u0027\nDriver info: driver.version: ChromeDriver\nremote stacktrace: \tGetHandleVerifier [0x00007FF6EBF04C82+3505170]\n\t(No symbol) [0x00007FF6EBB30852]\n\t(No symbol) [0x00007FF6EB9E4145]\n\t(No symbol) [0x00007FF6EBA14821]\n\t(No symbol) [0x00007FF6EBA107D4]\n\t(No symbol) [0x00007FF6EBA55B5F]\n\t(No symbol) [0x00007FF6EBA556C0]\n\t(No symbol) [0x00007FF6EBA4BC33]\n\t(No symbol) [0x00007FF6EBA1D618]\n\t(No symbol) [0x00007FF6EBA1E6B1]\n\tGetHandleVerifier [0x00007FF6EBF367DD+3708781]\n\tGetHandleVerifier [0x00007FF6EBF8FC5D+4074477]\n\tGetHandleVerifier [0x00007FF6EBF87DDF+4042095]\n\tGetHandleVerifier [0x00007FF6EBC5A136+708806]\n\t(No symbol) [0x00007FF6EBB3CB0F]\n\t(No symbol) [0x00007FF6EBB37D14]\n\t(No symbol) [0x00007FF6EBB37E6C]\n\t(No symbol) [0x00007FF6EBB279A4]\n\tBaseThreadInitThunk [0x00007FFD8C207034+20]\n\tRtlUserThreadStart [0x00007FFD8CB62651+33]\n\r\n\tat java.base/jdk.internal.reflect.NativeConstructorAccessorImpl.newInstance0(Native Method)\r\n\tat java.base/jdk.internal.reflect.NativeConstructorAccessorImpl.newInstance(NativeConstructorAccessorImpl.java:62)\r\n\tat java.base/jdk.internal.reflect.DelegatingConstructorAccessorImpl.newInstance(DelegatingConstructorAccessorImpl.java:45)\r\n\tat java.base/java.lang.reflect.Constructor.newInstance(Constructor.java:490)\r\n\tat org.openqa.selenium.remote.W3CHandshakeResponse.lambda$new$0(W3CHandshakeResponse.java:57)\r\n\tat org.openqa.selenium.remote.W3CHandshakeResponse.lambda$getResponseFunction$2(W3CHandshakeResponse.java:104)\r\n\tat org.openqa.selenium.remote.ProtocolHandshake.lambda$createSession$0(ProtocolHandshake.java:122)\r\n\tat java.base/java.util.stream.ReferencePipeline$3$1.accept(ReferencePipeline.java:195)\r\n\tat java.base/java.util.Spliterators$ArraySpliterator.tryAdvance(Spliterators.java:958)\r\n\tat java.base/java.util.stream.ReferencePipeline.forEachWithCancel(ReferencePipeline.java:127)\r\n\tat java.base/java.util.stream.AbstractPipeline.copyIntoWithCancel(AbstractPipeline.java:502)\r\n\tat java.base/java.util.stream.AbstractPipeline.copyInto(AbstractPipeline.java:488)\r\n\tat java.base/java.util.stream.AbstractPipeline.wrapAndCopyInto(AbstractPipeline.java:474)\r\n\tat java.base/java.util.stream.FindOps$FindOp.evaluateSequential(FindOps.java:150)\r\n\tat java.base/java.util.stream.AbstractPipeline.evaluate(AbstractPipeline.java:234)\r\n\tat java.base/java.util.stream.ReferencePipeline.findFirst(ReferencePipeline.java:543)\r\n\tat org.openqa.selenium.remote.ProtocolHandshake.createSession(ProtocolHandshake.java:125)\r\n\tat org.openqa.selenium.remote.ProtocolHandshake.createSession(ProtocolHandshake.java:73)\r\n\tat org.openqa.selenium.remote.HttpCommandExecutor.execute(HttpCommandExecutor.java:136)\r\n\tat org.openqa.selenium.remote.service.DriverCommandExecutor.execute(DriverCommandExecutor.java:83)\r\n\tat org.openqa.selenium.remote.RemoteWebDriver.execute(RemoteWebDriver.java:548)\r\n\tat org.openqa.selenium.remote.RemoteWebDriver.startSession(RemoteWebDriver.java:212)\r\n\tat org.openqa.selenium.remote.RemoteWebDriver.\u003cinit\u003e(RemoteWebDriver.java:130)\r\n\tat org.openqa.selenium.chrome.ChromeDriver.\u003cinit\u003e(ChromeDriver.java:181)\r\n\tat org.openqa.selenium.chrome.ChromeDriver.\u003cinit\u003e(ChromeDriver.java:168)\r\n\tat org.openqa.selenium.chrome.ChromeDriver.\u003cinit\u003e(ChromeDriver.java:123)\r\n\tat pages.TestBase.initDriver(TestBase.java:14)\r\n\tat steps.LoginStepDefinition.setUp(LoginStepDefinition.java:19)\r\n",
              "duration": 7686523700,
              "status": "failed"
            },
            "match": {
              "location": "steps.LoginStepDefinition.setUp()"
            }
          }
        ],
        "line": 31,
        "name": "2 - User should not be able to login without credentials",
        "description": "",
        "id": "codefios-login-page-negative-functionality-validation;2---user-should-not-be-able-to-login-without-credentials;;4",
        "after": [
          {
            "result": {
              "error_message": "org.openqa.selenium.WebDriverException: disconnected: not connected to DevTools\n  (failed to check if window was closed: disconnected: not connected to DevTools)\n  (Session info: chrome\u003d123.0.6312.124)\nBuild info: version: \u00273.14.0\u0027, revision: \u0027aacccce0\u0027, time: \u00272018-08-02T20:19:58.91Z\u0027\nSystem info: host: \u0027GP-PC-001\u0027, ip: \u002710.2.1.249\u0027, os.name: \u0027Windows 10\u0027, os.arch: \u0027amd64\u0027, os.version: \u002710.0\u0027, java.version: \u002711.0.18\u0027\nDriver info: org.openqa.selenium.chrome.ChromeDriver\nCapabilities {acceptInsecureCerts: false, browserName: chrome, browserVersion: 123.0.6312.124, chrome: {chromedriverVersion: 122.0.6261.69 (81bc525b6a36..., userDataDir: C:\\Users\\ADMINI~1\\AppData\\L...}, fedcm:accounts: true, goog:chromeOptions: {debuggerAddress: localhost:62567}, javascriptEnabled: true, networkConnectionEnabled: false, pageLoadStrategy: normal, platform: WINDOWS, platformName: WINDOWS, proxy: Proxy(), setWindowRect: true, strictFileInteractability: false, timeouts: {implicit: 0, pageLoad: 300000, script: 30000}, unhandledPromptBehavior: dismiss and notify, webauthn:extension:credBlob: true, webauthn:extension:largeBlob: true, webauthn:extension:minPinLength: true, webauthn:extension:prf: true, webauthn:virtualAuthenticators: true}\nSession ID: 060c3be25887ca2f6058320e92d9e2c3\r\n\tat java.base/jdk.internal.reflect.NativeConstructorAccessorImpl.newInstance0(Native Method)\r\n\tat java.base/jdk.internal.reflect.NativeConstructorAccessorImpl.newInstance(NativeConstructorAccessorImpl.java:62)\r\n\tat java.base/jdk.internal.reflect.DelegatingConstructorAccessorImpl.newInstance(DelegatingConstructorAccessorImpl.java:45)\r\n\tat java.base/java.lang.reflect.Constructor.newInstance(Constructor.java:490)\r\n\tat org.openqa.selenium.remote.http.W3CHttpResponseCodec.createException(W3CHttpResponseCodec.java:187)\r\n\tat org.openqa.selenium.remote.http.W3CHttpResponseCodec.decode(W3CHttpResponseCodec.java:122)\r\n\tat org.openqa.selenium.remote.http.W3CHttpResponseCodec.decode(W3CHttpResponseCodec.java:49)\r\n\tat org.openqa.selenium.remote.HttpCommandExecutor.execute(HttpCommandExecutor.java:158)\r\n\tat org.openqa.selenium.remote.service.DriverCommandExecutor.execute(DriverCommandExecutor.java:83)\r\n\tat org.openqa.selenium.remote.RemoteWebDriver.execute(RemoteWebDriver.java:548)\r\n\tat org.openqa.selenium.remote.RemoteWebDriver.execute(RemoteWebDriver.java:605)\r\n\tat org.openqa.selenium.remote.RemoteWebDriver.close(RemoteWebDriver.java:438)\r\n\tat steps.LoginStepDefinition.tearDown(LoginStepDefinition.java:71)\r\n",
              "duration": 11993300,
              "status": "failed"
            },
            "match": {
              "location": "steps.LoginStepDefinition.tearDown()"
            }
          }
        ],
        "type": "scenario",
        "keyword": "Scenario Outline",
        "steps": [
          {
            "result": {
              "duration": 999500,
              "status": "skipped"
            },
            "line": 20,
            "name": "User is on the Codefios login page",
            "match": {
              "location": "steps.LoginStepDefinition.UserIsOnTheCodefiosLoginPage()"
            },
            "keyword": "Given "
          },
          {
            "result": {
              "duration": 999100,
              "status": "skipped"
            },
            "line": 21,
            "name": "User enters username as \"\"",
            "match": {
              "arguments": [
                {
                  "val": "\"\"",
                  "offset": 24
                }
              ],
              "location": "steps.LoginStepDefinition.UserEnterTheUserName(java.lang.String)"
            },
            "keyword": "When "
          },
          {
            "result": {
              "duration": 1001300,
              "status": "skipped"
            },
            "line": 22,
            "name": "User enters the password \"\"",
            "match": {
              "arguments": [
                {
                  "val": "\"\"",
                  "offset": 25
                }
              ],
              "location": "steps.LoginStepDefinition.user_enter_the_password(java.lang.String)"
            },
            "keyword": "When "
          },
          {
            "result": {
              "status": "skipped"
            },
            "line": 23,
            "name": "User clicks on sign in button",
            "match": {
              "location": "steps.LoginStepDefinition.user_click_on_sign_in_button()"
            },
            "keyword": "And "
          },
          {
            "result": {
              "status": "skipped"
            },
            "line": 24,
            "name": "User clicks OK on Alert",
            "match": {
              "location": "steps.LoginStepDefinition.user_clicks_OK_on_Alert()"
            },
            "keyword": "And "
          },
          {
            "result": {
              "status": "skipped"
            },
            "line": 25,
            "name": "User should remain on Login page",
            "match": {
              "location": "steps.LoginStepDefinition.User_should_remain_on_Login_page()"
            },
            "keyword": "Then "
          }
        ],
        "tags": [
          {
            "name": "@codefiosNegativeFeature"
          },
          {
            "name": "@regression"
          },
          {
            "name": "@LoginNegativeScenario2"
          }
        ]
      }
    ],
    "name": "Codefios Login page negative functionality validation",
    "description": "",
    "id": "codefios-login-page-negative-functionality-validation",
    "keyword": "Feature",
    "uri": "classpath:features/NegativeLogin.feature",
    "tags": [
      {
        "name": "@codefiosNegativeFeature",
        "type": "Tag",
        "location": {
          "line": 1,
          "column": 1
        }
      },
      {
        "name": "@regression",
        "type": "Tag",
        "location": {
          "line": 1,
          "column": 26
        }
      }
    ]
  }
]